lv1.0
初始化数据库
mysql_library_init() succeed
mysql_options() succeed
Connect_to_Mysql Success
server origin accept function
mysql_options() succeed
Connect_to_Mysql Success
Operate_Mysql Modify Failed!1050:Table 'test_account_view' already existsfrom:7f4644390780
mysql_options() succeed
Connect_to_Mysql Success
pop one
taskqueue empty waiting...
c session creator is running
server origin accept function
mysql_options() succeed
Connect_to_Mysql Success
Operate_Mysql Modify Failed!1050:Table 'test_account_view' already existsfrom:7f4644390780
mysql_options() succeed
Connect_to_Mysql Success
pop one
taskqueue empty waiting...
d session creator is running
